SF:lib\core\constants\my_dio.dart
DA:4,3
DA:5,1
LF:2
LH:2
end_of_record
SF:lib\dto\response_dto.dart
DA:9,0
DA:16,1
DA:17,1
DA:18,1
DA:20,1
LF:5
LH:4
end_of_record
SF:lib\model\my_stadiums\my_stadiums.dart
DA:12,1
DA:19,0
DA:20,0
DA:21,0
DA:22,0
DA:23,0
DA:24,0
DA:28,1
DA:29,1
DA:30,1
DA:31,1
DA:32,1
DA:33,2
LF:13
LH:7
end_of_record
SF:lib\model\my_stadiums\my_stadiums_sourcefile.dart
DA:5,1
DA:10,0
DA:11,0
DA:12,0
DA:13,0
DA:17,1
DA:18,1
DA:19,1
DA:20,1
LF:9
LH:5
end_of_record
SF:lib\model\stadium\stadium_file.dart
DA:5,0
DA:10,0
DA:11,0
DA:12,0
DA:13,0
DA:17,0
DA:18,0
DA:19,0
DA:20,0
LF:9
LH:0
end_of_record
